   Compiling lib(scripts) scripts v0.1.0 (/Users/julien/Argent/dev/private-token/token-v1/contracts/scripts/Scarb.toml)
   Compiling starknet-contract(scripts) scripts v0.1.0 (/Users/julien/Argent/dev/private-token/token-v1/contracts/scripts/Scarb.toml)
    Finished `dev` profile target(s) in 54 seconds
   Compiling lib(scripts) scripts v0.1.0 (/Users/julien/Argent/dev/private-token/token-v1/contracts/scripts/Scarb.toml)
   Compiling starknet-contract(scripts) scripts v0.1.0 (/Users/julien/Argent/dev/private-token/token-v1/contracts/scripts/Scarb.toml)
    Finished `dev` profile target(s) in 54 seconds
Declaring BurnVerifier...
Contract declared at: 0x61dfbff6342109313e7c9370afaa40f0446a23c4e4304c3d25583daf594f600
Declaring MintVerifier...
Contract declared at: 0x6ed0ea42c257a2254aec614da2a8bc69bd74a183a9ec1fa0ea3c4042dc0c805
Declaring TransferVerifier...
Contract declared at: 0x5e3df1b5bdf22d65e05eb251f82186ecf04a8446b9df0deec907068174b42c7
Declaring KeyRegistry...
Contract declared at: 0x16aa7efdbe8683c641d354afbbbefd750541db870ba19aac3f56b31dbdf63ac
Declaring PrivateToken...
Contract declared at: 0xe59dc2f6ab608d507961885f42574eb98156a3b0bffd88c7d56ce0933c47a6
Deploying BurnVerifier...
BurnVerifier deployed at address: 0x143324af19efe526ca47cd5dd92966b43f2d60c1bddcd9a05270e768224cd6d
Deploying MintVerifier...
MintVerifier deployed at address: 0x715edd8a9151f2cb02c9b832155158f8d92bf46693110a7ce342307aa94c791
Deploying TransferVerifier...
TransferVerifier deployed at address: 0x17cf9ef6750d7882f5eff4c4ccb6f93bc0c6ecc99194ed123312bafecf46979
Deploying KeyRegistry...
KeyRegistry deployed at address: 0x3d198de23002ca307a9016c5e4d35f15e2b10151663779ec7a44bfed934aa64
Deploying PrivateToken...
PrivateToken deployed at address: 0x564dd2fe61825b08ecd0715072f7a6d0c95c2b5930d6e2cd9238f6e8c02c8f2
command: script run
status: success
